kotlin version: 2.0.20
error message: org.jetbrains.kotlin.backend.common.BackendException: Backend Internal error: Exception during IR lowering
File being compiled: /Users/alaaelfeshawy/AndroidStudioProjects/FlightApp/base/src/main/java/example/alaa/base/otp/OtpInputField.kt
The root cause java.lang.RuntimeException was thrown at: org.jetbrains.kotlin.backend.jvm.codegen.FunctionCodegen.generate(FunctionCodegen.kt:47)
	at org.jetbrains.kotlin.backend.common.CodegenUtil.reportBackendException(CodegenUtil.kt:253)
	at org.jetbrains.kotlin.backend.common.CodegenUtil.reportBackendException$default(CodegenUtil.kt:236)
	at org.jetbrains.kotlin.backend.common.phaser.PerformByIrFilePhase.invokeSequential(performByIrFile.kt:65)
	at org.jetbrains.kotlin.backend.common.phaser.PerformByIrFilePhase.invoke(performByIrFile.kt:52)
	at org.jetbrains.kotlin.backend.common.phaser.PerformByIrFilePhase.invoke(performByIrFile.kt:38)
	at org.jetbrains.kotlin.backend.common.phaser.NamedCompilerPhase.phaseBody(CompilerPhase.kt:166)
	at org.jetbrains.kotlin.backend.common.phaser.AbstractNamedCompilerPhase.invoke(CompilerPhase.kt:113)
	at org.jetbrains.kotlin.backend.common.phaser.CompositePhase.invoke(PhaseBuilders.kt:27)
	at org.jetbrains.kotlin.backend.common.phaser.CompositePhase.invoke(PhaseBuilders.kt:14)
	at org.jetbrains.kotlin.backend.common.phaser.NamedCompilerPhase.phaseBody(CompilerPhase.kt:166)
	at org.jetbrains.kotlin.backend.common.phaser.AbstractNamedCompilerPhase.invoke(CompilerPhase.kt:113)
	at org.jetbrains.kotlin.backend.common.phaser.CompilerPhaseKt.invokeToplevel(CompilerPhase.kt:62)
	at org.jetbrains.kotlin.backend.jvm.JvmIrCodegenFactory.invokeCodegen(JvmIrCodegenFactory.kt:371)
	at org.jetbrains.kotlin.codegen.CodegenFactory.generateModule(CodegenFactory.kt:47)
	at org.jetbrains.kotlin.backend.jvm.JvmIrCodegenFactory.generateModuleInFrontendIRMode(JvmIrCodegenFactory.kt:433)
	at org.jetbrains.kotlin.cli.jvm.compiler.pipeline.JvmCompilerPipelineKt.generateCodeFromIr(jvmCompilerPipeline.kt:246)
	at org.jetbrains.kotlin.cli.jvm.compiler.pipeline.JvmCompilerPipelineKt.compileModulesUsingFrontendIrAndLightTree(jvmCompilerPipeline.kt:142)
	at org.jetbrains.kotlin.cli.jvm.K2JVMCompiler.doExecute(K2JVMCompiler.kt:148)
	at org.jetbrains.kotlin.cli.jvm.K2JVMCompiler.doExecute(K2JVMCompiler.kt:43)
	at org.jetbrains.kotlin.cli.common.CLICompiler.execImpl(CLICompiler.kt:103)
	at org.jetbrains.kotlin.cli.common.CLICompiler.execImpl(CLICompiler.kt:49)
	at org.jetbrains.kotlin.cli.common.CLITool.exec(CLITool.kt:101)
	at org.jetbrains.kotlin.incremental.IncrementalJvmCompilerRunner.runCompiler(IncrementalJvmCompilerRunner.kt:464)
	at org.jetbrains.kotlin.incremental.IncrementalJvmCompilerRunner.runCompiler(IncrementalJvmCompilerRunner.kt:73)
	at org.jetbrains.kotlin.incremental.IncrementalCompilerRunner.doCompile(IncrementalCompilerRunner.kt:506)
	at org.jetbrains.kotlin.incremental.IncrementalCompilerRunner.compileImpl(IncrementalCompilerRunner.kt:423)
	at org.jetbrains.kotlin.incremental.IncrementalCompilerRunner.compileNonIncrementally(IncrementalCompilerRunner.kt:301)
	at org.jetbrains.kotlin.incremental.IncrementalCompilerRunner.compile(IncrementalCompilerRunner.kt:129)
	at org.jetbrains.kotlin.daemon.CompileServiceImplBase.execIncrementalCompiler(CompileServiceImpl.kt:675)
	at org.jetbrains.kotlin.daemon.CompileServiceImplBase.access$execIncrementalCompiler(CompileServiceImpl.kt:92)
	at org.jetbrains.kotlin.daemon.CompileServiceImpl.compile(CompileServiceImpl.kt:1660)
	at java.base/jdk.internal.reflect.DirectMethodHandleAccessor.invoke(Unknown Source)
	at java.base/java.lang.reflect.Method.invoke(Unknown Source)
	at java.rmi/sun.rmi.server.UnicastServerRef.dispatch(Unknown Source)
	at java.rmi/sun.rmi.transport.Transport$1.run(Unknown Source)
	at java.rmi/sun.rmi.transport.Transport$1.run(Unknown Source)
	at java.base/java.security.AccessController.doPrivileged(Unknown Source)
	at java.rmi/sun.rmi.transport.Transport.serviceCall(Unknown Source)
	at java.rmi/sun.rmi.transport.tcp.TCPTransport.handleMessages(Unknown Source)
	at java.rmi/sun.rmi.transport.tcp.TCPTransport$ConnectionHandler.run0(Unknown Source)
	at java.rmi/sun.rmi.transport.tcp.TCPTransport$ConnectionHandler.lambda$run$0(Unknown Source)
	at java.base/java.security.AccessController.doPrivileged(Unknown Source)
	at java.rmi/sun.rmi.transport.tcp.TCPTransport$ConnectionHandler.run(Unknown Source)
	at java.base/java.util.concurrent.ThreadPoolExecutor.runWorker(Unknown Source)
	at java.base/java.util.concurrent.ThreadPoolExecutor$Worker.run(Unknown Source)
	at java.base/java.lang.Thread.run(Unknown Source)
Caused by: java.lang.RuntimeException: Exception while generating code for:
FUN name:OtpInputField visibility:public modality:FINAL <> (number:kotlin.Int?, focusRequester:androidx.compose.ui.focus.FocusRequester, onFocusChanged:kotlin.Function1<kotlin.Boolean, kotlin.Unit>, onNumberChanged:kotlin.Function1<kotlin.Int?, kotlin.Unit>, onKeyboardBack:kotlin.Function0<kotlin.Unit>, modifier:androidx.compose.ui.Modifier) returnType:kotlin.Unit
  annotations:
    Composable
  VALUE_PARAMETER name:number index:0 type:kotlin.Int?
  VALUE_PARAMETER name:focusRequester index:1 type:androidx.compose.ui.focus.FocusRequester
  VALUE_PARAMETER name:onFocusChanged index:2 type:kotlin.Function1<kotlin.Boolean, kotlin.Unit>
  VALUE_PARAMETER name:onNumberChanged index:3 type:kotlin.Function1<kotlin.Int?, kotlin.Unit>
  VALUE_PARAMETER name:onKeyboardBack index:4 type:kotlin.Function0<kotlin.Unit>
  VALUE_PARAMETER name:modifier index:5 type:androidx.compose.ui.Modifier
    EXPRESSION_BODY
      ERROR_EXPR 'Default Stub' type=androidx.compose.ui.Modifier
  BLOCK_BODY
    VAR PROPERTY_DELEGATE name:text$delegate type:androidx.compose.runtime.MutableState<androidx.compose.ui.text.input.TextFieldValue> [val]
      CALL 'public final fun remember <T> (key1: kotlin.Any?, calculation: @[DisallowComposableCalls] kotlin.Function0<T of androidx.compose.runtime.ComposablesKt.remember>): T of androidx.compose.runtime.ComposablesKt.remember [inline] declared in androidx.compose.runtime.ComposablesKt' type=androidx.compose.runtime.MutableState<androidx.compose.ui.text.input.TextFieldValue> origin=null
        <T>: androidx.compose.runtime.MutableState<androidx.compose.ui.text.input.TextFieldValue>
        key1: GET_VAR 'number: kotlin.Int? declared in example.alaa.base.otp.OtpInputFieldKt.OtpInputField' type=kotlin.Int? origin=null
        calculation: BLOCK type=kotlin.Function0<androidx.compose.runtime.MutableState<androidx.compose.ui.text.input.TextFieldValue>> origin=LAMBDA
          COMPOSITE type=kotlin.Unit origin=null
          FUNCTION_REFERENCE 'private final fun OtpInputField$lambda$0 ($number: kotlin.Int?): androidx.compose.runtime.MutableState<androidx.compose.ui.text.input.TextFieldValue> declared in example.alaa.base.otp.OtpInputFieldKt' type=kotlin.Function0<androidx.compose.runtime.MutableState<androidx.compose.ui.text.input.TextFieldValue>> origin=INLINE_LAMBDA reflectionTarget=null
            $number: GET_VAR 'number: kotlin.Int? declared in example.alaa.base.otp.OtpInputFieldKt.OtpInputField' type=kotlin.Int? origin=null
    VAR PROPERTY_DELEGATE name:isFocused$delegate type:androidx.compose.runtime.MutableState<kotlin.Boolean> [val]
      CALL 'public final fun remember <T> (calculation: @[DisallowComposableCalls] kotlin.Function0<T of androidx.compose.runtime.ComposablesKt.remember>): T of androidx.compose.runtime.ComposablesKt.remember [inline] declared in androidx.compose.runtime.ComposablesKt' type=androidx.compose.runtime.MutableState<kotlin.Boolean> origin=null
        <T>: androidx.compose.runtime.MutableState<kotlin.Boolean>
        calculation: BLOCK type=kotlin.Function0<androidx.compose.runtime.MutableState<kotlin.Boolean>> origin=LAMBDA
          COMPOSITE type=kotlin.Unit origin=null
          FUNCTION_REFERENCE 'private final fun OtpInputField$lambda$2 (): androidx.compose.runtime.MutableState<kotlin.Boolean> declared in example.alaa.base.otp.OtpInputFieldKt' type=kotlin.Function0<androidx.compose.runtime.MutableState<kotlin.Boolean>> origin=INLINE_LAMBDA reflectionTarget=null
    CALL 'public final fun Box$default (modifier: androidx.compose.ui.Modifier?, contentAlignment: androidx.compose.ui.Alignment?, propagateMinConstraints: kotlin.Boolean, content: @[Composable] @[ExtensionFunctionType] kotlin.Function1<androidx.compose.foundation.layout.BoxScope, kotlin.Unit>, $mask0: kotlin.Int, $handler: kotlin.Any?): kotlin.Unit [inline] declared in androidx.compose.foundation.layout.BoxKt' type=kotlin.Unit origin=DEFAULT_DISPATCH_CALL
      modifier: CALL 'public final fun border-xT4_qwU (width: androidx.compose.ui.unit.Dp, color: androidx.compose.ui.graphics.Color, shape: androidx.compose.ui.graphics.Shape): androidx.compose.ui.Modifier declared in androidx.compose.foundation.BorderKt' type=androidx.compose.ui.Modifier origin=null
        $receiver: GET_VAR 'modifier: androidx.compose.ui.Modifier declared in example.alaa.base.otp.OtpInputFieldKt.OtpInputField' type=androidx.compose.ui.Modifier origin=null
        width: CALL 'public final fun <get-dp> (): androidx.compose.ui.unit.Dp [inline] declared in androidx.compose.ui.unit.DpKt' type=androidx.compose.ui.unit.Dp origin=GET_PROPERTY
          $receiver: CONST Int type=kotlin.Int value=1
        color: WHEN type=androidx.compose.ui.graphics.Color origin=IF
          BRANCH
            if: CALL 'public final fun not (): kotlin.Boolean [operator] declared in kotlin.Boolean' type=kotlin.Boolean origin=null
              $this: CALL 'private final fun OtpInputField$lambda$3 ($isFocused$delegate: androidx.compose.runtime.MutableState<kotlin.Boolean>): kotlin.Boolean declared in example.alaa.base.otp.OtpInputFieldKt' type=kotlin.Boolean origin=GET_LOCAL_PROPERTY
                $isFocused$delegate: GET_VAR 'val isFocused$delegate: androidx.compose.runtime.MutableState<kotlin.Boolean> [val] declared in example.alaa.base.otp.OtpInputFieldKt.OtpInputField' type=androidx.compose.runtime.MutableState<kotlin.Boolean> origin=null
            then: CALL 'public final fun getLightGray-0d7_KjU (): androidx.compose.ui.graphics.Color declared in androidx.compose.ui.graphics.Color.Companion' type=androidx.compose.ui.graphics.Color origin=GET_PROPERTY
              $this: GET_FIELD 'FIELD FIELD_FOR_OBJECT_INSTANCE name:Companion type:androidx.compose.ui.graphics.Color.Companion visibility:public [final,static] declared in androidx.compose.ui.graphics.Color' type=androidx.compose.ui.graphics.Color.Companion origin=null
          BRANCH
            if: CONST Boolean type=kotlin.Boolean value=true
            then: CALL 'public final fun colorResource (id: kotlin.Int): androidx.compose.ui.graphics.Color declared in androidx.compose.ui.res.ColorResources_androidKt' type=androidx.compose.ui.graphics.Color origin=null
              id: GET_FIELD 'FIELD IR_EXTERNAL_JAVA_DECLARATION_STUB name:orange type:kotlin.Int visibility:public [static] declared in example.alaa.base.R.color' type=kotlin.Int superQualifierSymbol=example.alaa.base.R.color origin=null
        shape: CALL 'public final fun RoundedCornerShape-0680j_4 (size: androidx.compose.ui.unit.Dp): androidx.compose.foundation.shape.RoundedCornerShape declared in androidx.compose.foundation.shape.RoundedCornerShapeKt' type=androidx.compose.foundation.shape.RoundedCornerShape origin=null
          size: CALL 'public final fun <get-dp> (): androidx.compose.ui.unit.Dp [inline] declared in androidx.compose.ui.unit.DpKt' type=androidx.compose.ui.unit.Dp origin=GET_PROPERTY
            $receiver: CONST Int type=kotlin.Int value=8
      contentAlignment: CALL 'public final fun <get-Center> (): androidx.compose.ui.Alignment declared in androidx.compose.ui.Alignment.Companion' type=androidx.compose.ui.Alignment origin=GET_PROPERTY
        $this: GET_FIELD 'FIELD FIELD_FOR_OBJECT_INSTANCE name:Companion type:androidx.compose.ui.Alignment.Companion visibility:public [final,static] declared in androidx.compose.ui.Alignment' type=androidx.compose.ui.Alignment.Companion origin=null
      propagateMinConstraints: COMPOSITE type=kotlin.Boolean origin=DEFAULT_VALUE
        CONST Boolean type=kotlin.Boolean value=false
      content: BLOCK type=@[ExtensionFunctionType] kotlin.Function1<androidx.compose.foundation.layout.BoxScope, kotlin.Unit> origin=LAMBDA
        COMPOSITE type=kotlin.Unit origin=null
        FUNCTION_REFERENCE 'private final fun OtpInputField$lambda$8 ($focusRequester: androidx.compose.ui.focus.FocusRequester, $text$delegate: androidx.compose.runtime.MutableState<androidx.compose.ui.text.input.TextFieldValue>, $onFocusChanged: kotlin.Function1<kotlin.Boolean, kotlin.Unit>, $isFocused$delegate: androidx.compose.runtime.MutableState<kotlin.Boolean>, $number: kotlin.Int?, $onKeyboardBack: kotlin.Function0<kotlin.Unit>, $onNumberChanged: kotlin.Function1<kotlin.Int?, kotlin.Unit>): kotlin.Unit declared in example.alaa.base.otp.OtpInputFieldKt' type=@[ExtensionFunctionType] kotlin.Function1<androidx.compose.foundation.layout.BoxScope, kotlin.Unit> origin=INLINE_LAMBDA reflectionTarget=null
          $focusRequester: GET_VAR 'focusRequester: androidx.compose.ui.focus.FocusRequester declared in example.alaa.base.otp.OtpInputFieldKt.OtpInputField' type=androidx.compose.ui.focus.FocusRequester origin=null
          $text$delegate: GET_VAR 'val text$delegate: androidx.compose.runtime.MutableState<androidx.compose.ui.text.input.TextFieldValue> [val] declared in example.alaa.base.otp.OtpInputFieldKt.OtpInputField' type=androidx.compose.runtime.MutableState<androidx.compose.ui.text.input.TextFieldValue> origin=null
          $onFocusChanged: GET_VAR 'onFocusChanged: kotlin.Function1<kotlin.Boolean, kotlin.Unit> declared in example.alaa.base.otp.OtpInputFieldKt.OtpInputField' type=kotlin.Function1<kotlin.Boolean, kotlin.Unit> origin=null
          $isFocused$delegate: GET_VAR 'val isFocused$delegate: androidx.compose.runtime.MutableState<kotlin.Boolean> [val] declared in example.alaa.base.otp.OtpInputFieldKt.OtpInputField' type=androidx.compose.runtime.MutableState<kotlin.Boolean> origin=null
          $number: GET_VAR 'number: kotlin.Int? declared in example.alaa.base.otp.OtpInputFieldKt.OtpInputField' type=kotlin.Int? origin=null
          $onKeyboardBack: GET_VAR 'onKeyboardBack: kotlin.Function0<kotlin.Unit> declared in example.alaa.base.otp.OtpInputFieldKt.OtpInputField' type=kotlin.Function0<kotlin.Unit> origin=null
          $onNumberChanged: GET_VAR 'onNumberChanged: kotlin.Function1<kotlin.Int?, kotlin.Unit> declared in example.alaa.base.otp.OtpInputFieldKt.OtpInputField' type=kotlin.Function1<kotlin.Int?, kotlin.Unit> origin=null
      $mask0: CONST Int type=kotlin.Int value=4
      $handler: CONST Null type=kotlin.Any? value=null

	at org.jetbrains.kotlin.backend.jvm.codegen.FunctionCodegen.generate(FunctionCodegen.kt:47)
	at org.jetbrains.kotlin.backend.jvm.codegen.FunctionCodegen.generate$default(FunctionCodegen.kt:40)
	at org.jetbrains.kotlin.backend.jvm.codegen.ClassCodegen.generateMethodNode(ClassCodegen.kt:406)
	at org.jetbrains.kotlin.backend.jvm.codegen.ClassCodegen.generateMethod(ClassCodegen.kt:423)
	at org.jetbrains.kotlin.backend.jvm.codegen.ClassCodegen.generate(ClassCodegen.kt:168)
	at org.jetbrains.kotlin.backend.jvm.FileCodegen.lower(JvmPhases.kt:39)
	at org.jetbrains.kotlin.backend.common.phaser.PhaseFactoriesKt.createFilePhase$lambda$4(PhaseFactories.kt:71)
	at org.jetbrains.kotlin.backend.common.phaser.PhaseBuildersKt$createSimpleNamedCompilerPhase$1.phaseBody(PhaseBuilders.kt:69)
	at org.jetbrains.kotlin.backend.common.phaser.SimpleNamedCompilerPhase.phaseBody(CompilerPhase.kt:226)
	at org.jetbrains.kotlin.backend.common.phaser.AbstractNamedCompilerPhase.invoke(CompilerPhase.kt:113)
	at org.jetbrains.kotlin.backend.common.phaser.PerformByIrFilePhase.invokeSequential(performByIrFile.kt:62)
	... 43 more
Caused by: org.jetbrains.kotlin.codegen.CompilationException: Back-end (JVM) Internal error: Couldn't inline method call: CALL 'public final fun remember <T> (key1: kotlin.Any?, calculation: @[DisallowComposableCalls] kotlin.Function0<T of androidx.compose.runtime.ComposablesKt.remember>): T of androidx.compose.runtime.ComposablesKt.remember [inline] declared in androidx.compose.runtime.ComposablesKt' type=androidx.compose.runtime.MutableState<androidx.compose.ui.text.input.TextFieldValue> origin=null
Method: null
File is unknown
The root cause java.lang.IllegalStateException was thrown at: org.jetbrains.kotlin.codegen.inline.SourceCompilerForInlineKt.getMethodNode(SourceCompilerForInline.kt:118)
	at org.jetbrains.kotlin.codegen.inline.InlineCodegen.performInline(InlineCodegen.kt:65)
	at org.jetbrains.kotlin.backend.jvm.codegen.IrInlineCodegen.genInlineCall(IrInlineCodegen.kt:163)
	at org.jetbrains.kotlin.backend.jvm.codegen.IrInlineCallGenerator.genCall(IrInlineCallGenerator.kt:36)
	at org.jetbrains.kotlin.backend.jvm.codegen.ExpressionCodegen.visitCall(ExpressionCodegen.kt:653)
	at org.jetbrains.kotlin.backend.jvm.codegen.ExpressionCodegen.visitCall(ExpressionCodegen.kt:138)
	at org.jetbrains.kotlin.ir.expressions.IrCall.accept(IrCall.kt:24)
	at org.jetbrains.kotlin.backend.jvm.codegen.ExpressionCodegen.visitVariable(ExpressionCodegen.kt:790)
	at org.jetbrains.kotlin.backend.jvm.codegen.ExpressionCodegen.visitVariable(ExpressionCodegen.kt:138)
	at org.jetbrains.kotlin.ir.declarations.IrVariable.accept(IrVariable.kt:36)
	at org.jetbrains.kotlin.backend.jvm.codegen.ExpressionCodegen.visitStatementContainer(ExpressionCodegen.kt:579)
	at org.jetbrains.kotlin.backend.jvm.codegen.ExpressionCodegen.visitBlockBody(ExpressionCodegen.kt:584)
	at org.jetbrains.kotlin.backend.jvm.codegen.ExpressionCodegen.visitBlockBody(ExpressionCodegen.kt:138)
	at org.jetbrains.kotlin.ir.expressions.IrBlockBody.accept(IrBlockBody.kt:20)
	at org.jetbrains.kotlin.backend.jvm.codegen.ExpressionCodegen.generate(ExpressionCodegen.kt:240)
	at org.jetbrains.kotlin.backend.jvm.codegen.FunctionCodegen.doGenerate(FunctionCodegen.kt:123)
	at org.jetbrains.kotlin.backend.jvm.codegen.FunctionCodegen.generate(FunctionCodegen.kt:44)
	... 53 more
Caused by: java.lang.IllegalStateException: couldn't find inline method Landroidx/compose/runtime/ComposablesKt;.remember(Ljava/lang/Object;Lkotlin/jvm/functions/Function0;)Ljava/lang/Object;
	at org.jetbrains.kotlin.codegen.inline.SourceCompilerForInlineKt.getMethodNode(SourceCompilerForInline.kt:118)
	at org.jetbrains.kotlin.codegen.inline.SourceCompilerForInlineKt.loadCompiledInlineFunction(SourceCompilerForInline.kt:96)
	at org.jetbrains.kotlin.backend.jvm.codegen.IrSourceCompilerForInline.compileInlineFunction(IrSourceCompilerForInline.kt:91)
	at org.jetbrains.kotlin.codegen.inline.InlineCodegen.compileInline(InlineCodegen.kt:43)
	at org.jetbrains.kotlin.codegen.inline.InlineCodegen.performInline(InlineCodegen.kt:51)
	... 68 more


